     1                                  ;3*[20*(b-a+2)-10*c]/5
     2                                  
     3                                  bits 32 ; assembling for the 32 bits architecture
     4                                  
     5                                  ; declare the EntryPoint (a label defining the very first instruction of the program)
     6                                  global start        
     7                                  
     8                                  ; declare external functions needed by our program
     9                                  extern exit               ; tell nasm that exit exists even if we won't be defining it
    10                                  import exit msvcrt.dll    ; exit is a function that ends the calling process. It is defined in msvcrt.dll
    11                                                            ; msvcrt.dll contains exit, printf and all the other important C-runtime specific functions
    12                                  
    13                                  ; our data is declared here (the variables needed by our program)
    14                                  segment data use32 class=data
    15                                      ; ...
    16 00000000 03                      a db 3
    17 00000001 06                      b db 6
    18 00000002 02                      c db 2
    19                                  ; our code starts here
    20                                  segment code use32 class=code
    21                                      start:
    22                                          ; ...
    23 00000000 A0[01000000]                mov AL, [b]
    24 00000005 2A05[00000000]              sub AL,[a]
    25 0000000B 0402                        add AL,2
    26 0000000D B414                        mov AH,20
    27 0000000F F6E4                        mul AH
    28 00000011 6689C3                      mov BX,AX
    29 00000014 A0[02000000]                mov AL,[c]
    30 00000019 B70A                        mov BH,10
    31 0000001B F6E7                        mul BH
    32 0000001D 6629C3                      sub BX,AX
    33 00000020 6689D8                      mov AX,BX
    34 00000023 66BA0300                    mov DX,3
    35 00000027 66F7E2                      mul DX
    36 0000002A 66B90500                    mov CX,5
    37 0000002E 66F7F1                      div CX
    38                                          ; exit(0)
    39 00000031 6A00                            push    dword 0      ; push the parameter for exit onto the stack
    40 00000033 FF15[00000000]                  call    [exit]       ; call exit to terminate the program
