     1                                  ;Bucsa Ecaterina, grupa 211/2, laboratorul 2, problema 6
     2                                  ;(e+f)*g
     3                                  
     4                                  bits 32 ; assembling for the 32 bits architecture
     5                                  
     6                                  ; declare the EntryPoint (a label defining the very first instruction of the program)
     7                                  global start        
     8                                  
     9                                  ; declare external functions needed by our program
    10                                  extern exit               ; tell nasm that exit exists even if we won't be defining it
    11                                  import exit msvcrt.dll    ; exit is a function that ends the calling process. It is defined in msvcrt.dll
    12                                                            ; msvcrt.dll contains exit, printf and all the other important C-runtime specific functions
    13                                  
    14                                  ; our data is declared here (the variables needed by our program)
    15                                  segment data use32 class=data
    16                                      ; ...
    17 00000000 0200                    e dw 2
    18 00000002 0500                    f dw 5
    19 00000004 0700                    g dw 7
    20                                  ; our code starts here
    21                                  segment code use32 class=code
    22                                      start:
    23                                          ; ...
    24 00000000 66A1[00000000]              mov AX,[e];AX=e
    25 00000006 660305[02000000]            add AX, [f];AX=AX+[f]=e+f
    26 0000000D 668B1D[04000000]            mov BX,[g];BX=g
    27 00000014 66F7E3                      mul BX;DX:AX=AX*BX=(e+f)*g
    28                                          ; exit(0)
    29 00000017 6A00                            push    dword 0      ; push the parameter for exit onto the stack
    30 00000019 FF15[00000000]                  call    [exit]       ; call exit to terminate the program
