     1                                  bits 32 ; assembling for the 32 bits architecture
     2                                  
     3                                  ; declare the EntryPoint (a label defining the very first instruction of the program)
     4                                  global start        
     5                                  
     6                                  ; declare external functions needed by our program
     7                                  extern exit,scanf,printf,fprintf,fopen,fread,fclose               ; tell nasm that exit exists even if we won't be defining it
     8                                  import exit msvcrt.dll    ; exit is a function that ends the calling process. It is defined in msvcrt.dll
     9                                  import fprintf msvcrt.dll
    10                                  import printf msvcrt.dll
    11                                  import scanf msvcrt.dll
    12                                  import fread msvcrt.dll
    13                                  import fopen msvcrt.dll
    14                                  import fclose msvcrt.dll                          ; msvcrt.dll contains exit, printf and all the other important C-runtime specific functions
    15                                  
    16                                  ; our data is declared here (the variables needed by our program)
    17                                  segment data use32 class=data
    18                                      ; ...
    19                                      l equ 30
    20                                      len equ 100
    21 00000000 0000<rept>                  sir times 120 db 0,0
    22 000000F0 7700                        modw db 'w',0
    23 000000F2 FF                          handle db -1
    24 000000F3 0000<rept>                  buffer times len db 0,0 
    25 000001BB 0000<rept>                  numefis times l db 0,0
    26 000001F7 25730A2000                  format db '%s',10,32,0
    27 000001FC 4E7520732D61207075-         mesaj db 'Nu s-a putut creea fisierul',0
    27 00000205 747574206372656561-
    27 0000020E 20666973696572756C-
    27 00000217 00                 
    28                                  ; our code starts here
    29                                  segment code use32 class=code
    30                                      start:
    31                                          ; ...
    32                                          ;Sa se citeasca de la tastatura un nume de fisier si un text. Sa se creeze un fisier cu numele dat in directorul curent si sa se scrie textul in acel fisier. 
    33                                          ;Observatii: Numele de fisier este de maxim 30 de caractere. Textul este de maxim 120 de caractere.
    34 00000000 68[BB010000]                    push dword numefis
    35 00000005 68[F7010000]                    push dword format
    36 0000000A FF15[00000000]                  call [scanf]
    37 00000010 83C408                          add esp,4*2
    38                                          
    39 00000013 68[00000000]                    push dword sir 
    40 00000018 68[F7010000]                    push dword format
    41 0000001D FF15[00000000]                  call[scanf]
    42 00000023 83C408                          add esp,4*2
    43                                          
    44 00000026 68[F0000000]                    push dword modw
    45 0000002B 68[BB010000]                    push dword numefis
    46 00000030 FF15[00000000]                  call [fopen]
    47 00000036 83C408                          add esp,4*2
    48                                          
    49 00000039 83F800                          cmp eax,0
    50 0000003C 742A                            je eroare
    51                                          
    52 0000003E A3[F2000000]                    mov [handle],eax
    53                                          
    54 00000043 68[00000000]                    push dword sir
    55 00000048 FF35[F2000000]                  push dword [handle]
    56 0000004E FF15[00000000]                  call [fprintf]
    57 00000054 83C408                          add esp,4*2
    58                                          
    59 00000057 FF35[F2000000]                  push dword [handle]
    60 0000005D FF15[00000000]                  call [fclose]
    61 00000063 83C404                          add esp,4
    62 00000066 EB13                            jmp fine
    63                                          
    64                                          eroare:
    65 00000068 68[FC010000]                        push dword mesaj 
    66 0000006D 68[F7010000]                        push dword format
    67 00000072 FF15[00000000]                      call [printf]
    68 00000078 83C408                              add esp,4*2
    69                                          fine:
    70                                          ; exit(0)
    71 0000007B 6A00                            push    dword 0      ; push the parameter for exit onto the stack
    72 0000007D FF15[00000000]                  call    [exit]       ; call exit to terminate the program
