     1                                  bits 32 ; assembling for the 32 bits architecture
     2                                  
     3                                  ; declare the EntryPoint (a label defining the very first instruction of the program)
     4                                  global start        
     5                                  
     6                                  ; declare external functions needed by our program
     7                                  extern exit               ; tell nasm that exit exists even if we won't be defining it
     8                                  import exit msvcrt.dll    ; exit is a function that ends the calling process. It is defined in msvcrt.dll
     9                                                            ; msvcrt.dll contains exit, printf and all the other important C-runtime specific functions
    10                                  
    11                                  ; our data is declared here (the variables needed by our program)
    12                                  segment data use32 class=data
    13                                      ; ...
    14 00000000 5777                        a dw 0111011101010111b
    15 00000002 9B                          b db 10011011b
    16                                  ; our code starts here
    17                                  segment code use32 class=code
    18                                      start:
    19                                          ; ...
    20                                          ;Sa se inlocuiasca bitii 0-3 ai octetului B cu bitii 8-11 ai cuvantului A.
    21                                          
    22                                          
    23 00000000 66A1[00000000]                  mov ax,[a]
    24 00000006 6625000F                        and ax,0000111100000000b
    25 0000000A B108                            mov cl,8
    26 0000000C 66D3C8                          ror ax,cl
    27                                          
    28                                          
    29 0000000F 8A1D[02000000]                  mov bl,[b]
    30 00000015 80E3F0                          and bl,11110000b
    31 00000018 08C3                            or bl,al
    32                                          
    33 0000001A 881D[02000000]                  mov[b],bl
    34                                          
    35                                          
    36                                          
    37                                          ; exit(0)
    38 00000020 6A00                            push    dword 0      ; push the parameter for exit onto the stack
    39 00000022 FF15[00000000]                  call    [exit]       ; call exit to terminate the program
