     1                                  bits 32 ; assembling for the 32 bits architecture
     2                                  
     3                                  ; declare the EntryPoint (a label defining the very first instruction of the program)
     4                                  global start        
     5                                  
     6                                  ; declare external functions needed by our program
     7                                  extern exit               ; tell nasm that exit exists even if we won't be defining it
     8                                  import exit msvcrt.dll    ; exit is a function that ends the calling process. It is defined in msvcrt.dll
     9                                                            ; msvcrt.dll contains exit, printf and all the other important C-runtime specific functions
    10                                  
    11                                  ; our data is declared here (the variables needed by our program)
    12                                  segment data use32 class=data
    13                                      ; ...
    14 00000000 77                          a db 01110111b
    15 00000001 BE9B                        b dw 1001101110111110b
    16 00000003 00                          c db 0
    17                                  ; our code starts here
    18                                  segment code use32 class=code
    19                                      start:
    20                                          ; ...
    21                                          ;Se dau un octet A si un cuvant B. Sa se obtina un octet C care are pe bitii 0-3 bitii 2-5 ai lui A, iar pe bitii 4-7 bitii 6-9 ai lui B.
    22                                          
    23                                          
    24 00000000 B300                            mov bl,0
    25 00000002 A0[00000000]                    mov al,[a]
    26 00000007 243C                            and al,00111100b
    27 00000009 B102                            mov cl,2
    28 0000000B D2C8                            ror al,cl
    29 0000000D 08C3                            or bl,al
    30                                          
    31 0000000F 66A1[01000000]                  mov ax,[b]
    32 00000015 6625C003                        and ax,0000001111000000b
    33 00000019 B102                            mov cl,2
    34 0000001B 66D3C8                          ror ax,cl
    35 0000001E 08C3                            or bl,al
    36                                          
    37 00000020 881D[03000000]                  mov[c],bl
    38                                          
    39                                          ; exit(0)
    40 00000026 6A00                            push    dword 0      ; push the parameter for exit onto the stack
    41 00000028 FF15[00000000]                  call    [exit]       ; call exit to terminate the program
