     1                                  bits 32 ; assembling for the 32 bits architecture
     2                                  
     3                                  ; declare the EntryPoint (a label defining the very first instruction of the program)
     4                                  global start        
     5                                  
     6                                  ; declare external functions needed by our program
     7                                  extern exit               ; tell nasm that exit exists even if we won't be defining it
     8                                  import exit msvcrt.dll    ; exit is a function that ends the calling process. It is defined in msvcrt.dll
     9                                                            ; msvcrt.dll contains exit, printf and all the other important C-runtime specific functions
    10                                  
    11                                  ; our data is declared here (the variables needed by our program)
    12                                  segment data use32 class=data
    13                                      ; ...
    14 00000000 77                          a db 01110111b
    15 00000001 9B                          b db 10011011b
    16 00000002 00000000                    c dd 0
    17                                  ; our code starts here
    18                                  segment code use32 class=code
    19                                      start:
    20                                          ; ...
    21                                          ;Se dau octetii A si B. Sa se obtina dublucuvantul C:
    22                                          ;bitii 16-31 ai lui C sunt 1
    23                                          ;bitii 0-3 ai lui C coincid cu bitii 3-6 ai lui B
    24                                          ;bitii 4-7 ai lui C au valoarea 0
    25                                          ;bitii 8-10 ai lui C au valoarea 110
    26                                          ;bitii 11-15 ai lui C coincid cu bitii 0-4 ai lui A
    27                                          ; exit(0)
    28                                          
    29 00000000 BB00000000                      mov ebx,0
    30 00000005 A0[01000000]                    mov al,[b]
    31 0000000A 2478                            and al,01111000b
    32 0000000C B103                            mov cl,3
    33 0000000E D2C8                            ror al,cl
    34 00000010 B400                            mov ah,0
    35 00000012 66BA0000                        mov dx,0
    36 00000016 6652                            push dx
    37 00000018 6650                            push ax
    38 0000001A 58                              pop eax
    39 0000001B 09C3                            or ebx,eax
    40                                          
    41 0000001D 81E30FFFFFFF                    and ebx,11111111111111111111111100001111b
    42 00000023 81CB00030000                    or ebx,00000000000000000000001100000000b
    43                                          
    44 00000029 A0[00000000]                    mov al,[a]
    45 0000002E 241F                            and al,00011111b
    46 00000030 B400                            mov ah,0
    47 00000032 66BA0000                        mov dx,0
    48 00000036 6652                            push dx
    49 00000038 6650                            push ax
    50 0000003A 58                              pop eax
    51 0000003B B10B                            mov cl,11
    52 0000003D D3C0                            rol eax,cl
    53 0000003F 09C3                            or ebx,eax
    54                                          
    55 00000041 81CB0000FFFF                    or ebx,11111111111111110000000000000000b
    56                                          
    57 00000047 891D[02000000]                  mov [c],ebx
    58                                          
    59 0000004D 6A00                            push    dword 0      ; push the parameter for exit onto the stack
    60 0000004F FF15[00000000]                  call    [exit]       ; call exit to terminate the program
