  BigIntegerGenerator.cpp
C:\Users\Katy\Documents\A3S1\PPD\Laborator\Laborator2\Lab2C++\Lab2C++\BigIntegerGenerator.cpp(35): warning C4091: 'static ': ignored on left of 'BigIntegerGenerator' when no variable is declared
  BigIntegerMultiplication.cpp
C:\Users\Katy\Documents\A3S1\PPD\Laborator\Laborator2\Lab2C++\Lab2C++\SequentialA.cpp(35): warning C4091: 'static ': ignored on left of 'SequentialA' when no variable is declared
C:\Users\Katy\Documents\A3S1\PPD\Laborator\Laborator2\Lab2C++\Lab2C++\SequentialA.cpp(15): warning C4018: '<': signed/unsigned mismatch
C:\Users\Katy\Documents\A3S1\PPD\Laborator\Laborator2\Lab2C++\Lab2C++\SequentialA.cpp(17): warning C4018: '>=': signed/unsigned mismatch
C:\Users\Katy\Documents\A3S1\PPD\Laborator\Laborator2\Lab2C++\Lab2C++\SequentialD.cpp(48): warning C4091: 'static ': ignored on left of 'SequentialD' when no variable is declared
C:\Users\Katy\Documents\A3S1\PPD\Laborator\Laborator2\Lab2C++\Lab2C++\SequentialD.cpp(14): warning C4018: '<': signed/unsigned mismatch
C:\Users\Katy\Documents\A3S1\PPD\Laborator\Laborator2\Lab2C++\Lab2C++\SequentialD.cpp(16): warning C4018: '>=': signed/unsigned mismatch
C:\Users\Katy\Documents\A3S1\PPD\Laborator\Laborator2\Lab2C++\Lab2C++\BigIntegerGenerator.cpp(35): warning C4091: 'static ': ignored on left of 'BigIntegerGenerator' when no variable is declared
C:\Users\Katy\Documents\A3S1\PPD\Laborator\Laborator2\Lab2C++\Lab2C++\DigitMultiplication.cpp(20): warning C4091: 'static ': ignored on left of 'DigitMultiplication' when no variable is declared
C:\Users\Katy\Documents\A3S1\PPD\Laborator\Laborator2\Lab2C++\Lab2C++\DigitMultiplication.cpp(9): warning C4018: '<': signed/unsigned mismatch
C:\Users\Katy\Documents\A3S1\PPD\Laborator\Laborator2\Lab2C++\Lab2C++\BigIntegerMultiplication.cpp(122): warning C4018: '<': signed/unsigned mismatch
C:\Users\Katy\Documents\A3S1\PPD\Laborator\Laborator2\Lab2C++\Lab2C++\BigIntegerMultiplication.cpp(148): warning C4018: '<': signed/unsigned mismatch
  DigitMultiplication.cpp
C:\Users\Katy\Documents\A3S1\PPD\Laborator\Laborator2\Lab2C++\Lab2C++\DigitMultiplication.cpp(20): warning C4091: 'static ': ignored on left of 'DigitMultiplication' when no variable is declared
C:\Users\Katy\Documents\A3S1\PPD\Laborator\Laborator2\Lab2C++\Lab2C++\DigitMultiplication.cpp(9): warning C4018: '<': signed/unsigned mismatch
  Elem.cpp
  MyThread.cpp
C:\Users\Katy\Documents\A3S1\PPD\Laborator\Laborator2\Lab2C++\Lab2C++\DigitMultiplication.cpp(20): warning C4091: 'static ': ignored on left of 'DigitMultiplication' when no variable is declared
C:\Users\Katy\Documents\A3S1\PPD\Laborator\Laborator2\Lab2C++\Lab2C++\DigitMultiplication.cpp(9): warning C4018: '<': signed/unsigned mismatch
  SequentialA.cpp
C:\Users\Katy\Documents\A3S1\PPD\Laborator\Laborator2\Lab2C++\Lab2C++\SequentialA.cpp(35): warning C4091: 'static ': ignored on left of 'SequentialA' when no variable is declared
C:\Users\Katy\Documents\A3S1\PPD\Laborator\Laborator2\Lab2C++\Lab2C++\SequentialA.cpp(15): warning C4018: '<': signed/unsigned mismatch
C:\Users\Katy\Documents\A3S1\PPD\Laborator\Laborator2\Lab2C++\Lab2C++\SequentialA.cpp(17): warning C4018: '>=': signed/unsigned mismatch
  SequentialD.cpp
C:\Users\Katy\Documents\A3S1\PPD\Laborator\Laborator2\Lab2C++\Lab2C++\SequentialD.cpp(48): warning C4091: 'static ': ignored on left of 'SequentialD' when no variable is declared
C:\Users\Katy\Documents\A3S1\PPD\Laborator\Laborator2\Lab2C++\Lab2C++\SequentialD.cpp(14): warning C4018: '<': signed/unsigned mismatch
C:\Users\Katy\Documents\A3S1\PPD\Laborator\Laborator2\Lab2C++\Lab2C++\SequentialD.cpp(16): warning C4018: '>=': signed/unsigned mismatch
  Generating code
  Previous IPDB not found, fall back to full compilation.
  All 414 functions were compiled because no usable IPDB/IOBJ from previous compilation was found.
  Finished generating code
  Lab2C++.vcxproj -> C:\Users\Katy\Documents\A3S1\PPD\Laborator\Laborator2\Lab2C++\Release\Lab2C++.exe
