  BigIntegerMultiplication.cpp
C:\Users\Katy\Documents\A3S1\PPD\Laborator\Laboratorare\Laborator2\Lab2C++\Lab2C++\SequentialA.cpp(26,2): warning C4091: 'static ': ignored on left of 'SequentialA' when no variable is declared
C:\Users\Katy\Documents\A3S1\PPD\Laborator\Laboratorare\Laborator2\Lab2C++\Lab2C++\SequentialA.cpp(10,1): warning C4267: 'initializing': conversion from 'size_t' to 'int', possible loss of data
C:\Users\Katy\Documents\A3S1\PPD\Laborator\Laboratorare\Laborator2\Lab2C++\Lab2C++\SequentialD.cpp(40,2): warning C4091: 'static ': ignored on left of 'SequentialD' when no variable is declared
C:\Users\Katy\Documents\A3S1\PPD\Laborator\Laboratorare\Laborator2\Lab2C++\Lab2C++\SequentialD.cpp(9,1): warning C4267: 'initializing': conversion from 'size_t' to 'int', possible loss of data
C:\Users\Katy\Documents\A3S1\PPD\Laborator\Laboratorare\Laborator2\Lab2C++\Lab2C++\BigIntegerGenerator.cpp(34,2): warning C4091: 'static ': ignored on left of 'BigIntegerGenerator' when no variable is declared
C:\Users\Katy\Documents\A3S1\PPD\Laborator\Laboratorare\Laborator2\Lab2C++\Lab2C++\DigitMultiplication.cpp(18,2): warning C4091: 'static ': ignored on left of 'DigitMultiplication' when no variable is declared
C:\Users\Katy\Documents\A3S1\PPD\Laborator\Laboratorare\Laborator2\Lab2C++\Lab2C++\DigitMultiplication.cpp(8,1): warning C4267: 'initializing': conversion from 'size_t' to 'int', possible loss of data
C:\Users\Katy\Documents\A3S1\PPD\Laborator\Laboratorare\Laborator2\Lab2C++\Lab2C++\MyThread.cpp(50,1): warning C4267: 'argument': conversion from 'size_t' to 'int', possible loss of data
C:\Users\Katy\Documents\A3S1\PPD\Laborator\Laboratorare\Laborator2\Lab2C++\Lab2C++\MyThread.cpp(51,1): warning C4267: 'argument': conversion from 'size_t' to 'int', possible loss of data
C:\Users\Katy\Documents\A3S1\PPD\Laborator\Laboratorare\Laborator2\Lab2C++\Lab2C++\MyThread.cpp(52,1): warning C4267: 'argument': conversion from 'size_t' to 'int', possible loss of data
C:\Users\Katy\Documents\A3S1\PPD\Laborator\Laboratorare\Laborator2\Lab2C++\Lab2C++\MyThread.cpp(120,1): warning C4267: 'initializing': conversion from 'size_t' to 'int', possible loss of data
C:\Users\Katy\Documents\A3S1\PPD\Laborator\Laboratorare\Laborator2\Lab2C++\Lab2C++\BigIntegerMultiplication.cpp(47,1): warning C4267: 'initializing': conversion from 'size_t' to 'int', possible loss of data
C:\Users\Katy\Documents\A3S1\PPD\Laborator\Laboratorare\Laborator2\Lab2C++\Lab2C++\BigIntegerMultiplication.cpp(124,1): warning C4267: 'argument': conversion from 'size_t' to 'int', possible loss of data
C:\Users\Katy\Documents\A3S1\PPD\Laborator\Laboratorare\Laborator2\Lab2C++\Lab2C++\BigIntegerMultiplication.cpp(133,1): warning C4267: 'argument': conversion from 'size_t' to 'int', possible loss of data
C:\Users\Katy\Documents\A3S1\PPD\Laborator\Laboratorare\Laborator2\Lab2C++\Lab2C++\BigIntegerMultiplication.cpp(158,1): warning C4267: '=': conversion from 'size_t' to 'int', possible loss of data
C:\Users\Katy\Documents\A3S1\PPD\Laborator\Laboratorare\Laborator2\Lab2C++\Lab2C++\BigIntegerMultiplication.cpp(161,1): warning C4267: 'initializing': conversion from 'size_t' to 'int', possible loss of data
C:\Users\Katy\Documents\A3S1\PPD\Laborator\Laboratorare\Laborator2\Lab2C++\Lab2C++\BigIntegerMultiplication.cpp(191,1): warning C4267: '=': conversion from 'size_t' to 'int', possible loss of data
  MyThread.cpp
C:\Users\Katy\Documents\A3S1\PPD\Laborator\Laboratorare\Laborator2\Lab2C++\Lab2C++\BigIntegerMultiplication.cpp(196,1): warning C4267: 'initializing': conversion from 'size_t' to 'int', possible loss of data
C:\Users\Katy\Documents\A3S1\PPD\Laborator\Laboratorare\Laborator2\Lab2C++\Lab2C++\DigitMultiplication.cpp(18,2): warning C4091: 'static ': ignored on left of 'DigitMultiplication' when no variable is declared
C:\Users\Katy\Documents\A3S1\PPD\Laborator\Laboratorare\Laborator2\Lab2C++\Lab2C++\DigitMultiplication.cpp(8,1): warning C4267: 'initializing': conversion from 'size_t' to 'int', possible loss of data
C:\Users\Katy\Documents\A3S1\PPD\Laborator\Laboratorare\Laborator2\Lab2C++\Lab2C++\MyThread.cpp(50,1): warning C4267: 'argument': conversion from 'size_t' to 'int', possible loss of data
C:\Users\Katy\Documents\A3S1\PPD\Laborator\Laboratorare\Laborator2\Lab2C++\Lab2C++\MyThread.cpp(51,1): warning C4267: 'argument': conversion from 'size_t' to 'int', possible loss of data
C:\Users\Katy\Documents\A3S1\PPD\Laborator\Laboratorare\Laborator2\Lab2C++\Lab2C++\MyThread.cpp(52,1): warning C4267: 'argument': conversion from 'size_t' to 'int', possible loss of data
C:\Users\Katy\Documents\A3S1\PPD\Laborator\Laboratorare\Laborator2\Lab2C++\Lab2C++\MyThread.cpp(120,1): warning C4267: 'initializing': conversion from 'size_t' to 'int', possible loss of data
  Generating code
LINK : fatal error C1001: An internal error has occurred in the compiler.
  (compiler file 'd:\agent\_work\1\s\src\vctools\Compiler\Utc\src\p2\main.c', line 160)
   To work around this problem, try simplifying or changing the program near the locations listed above.
  Please choose the Technical Support command on the Visual C++ 
   Help menu, or open the Technical Support help file for more information
    link!InvokeCompilerPass()+0x2e84b
    link!InvokeCompilerPass()+0x22161
    link!InvokeCompilerPass()+0x22082
    link!InvokeCompilerPass()+0x2d9a7
  
LINK : fatal error C1001: An internal error has occurred in the compiler.
  (compiler file 'd:\agent\_work\1\s\src\vctools\Compiler\Utc\src\p2\main.c', line 160)
   To work around this problem, try simplifying or changing the program near the locations listed above.
  Please choose the Technical Support command on the Visual C++ 
   Help menu, or open the Technical Support help file for more information
    link!InvokeCompilerPass()+0x2e84b
    link!InvokeCompilerPass()+0x22161
    link!InvokeCompilerPass()+0x22082
    link!InvokeCompilerPass()+0x2d9a7
  
  
LINK : fatal error LNK1000: Internal error during IMAGE::BuildImage
  
    Version 14.23.28106.4
  
    ExceptionCode            = C0000005
    ExceptionFlags           = 00000000
    ExceptionAddress         = 78AC4A4A (78630000) "C:\Program Files (x86)\Microsoft Visual Studio\2019\Community\VC\Tools\MSVC\14.23.28105\bin\HostX86\x64\c2.dll"
    NumberParameters         = 00000002
    ExceptionInformation[ 0] = 00000000
    ExceptionInformation[ 1] = 36EB90A6
  
  CONTEXT:
    Eax    = 00000000  Esp    = 0069E350
    Ebx    = 36EB90A6  Ebp    = 0069E360
    Ecx    = 00001505  Esi    = 00000000
    Edx    = 00000000  Edi    = 00000000
    Eip    = 78AC4A4A  EFlags = 00010246
    SegCs  = 00000023  SegDs  = 0000002B
    SegSs  = 0000002B  SegEs  = 0000002B
    SegFs  = 00000053  SegGs  = 0000002B
    Dr0    = 00000000  Dr3    = 00000000
    Dr1    = 00000000  Dr6    = 00000000
    Dr2    = 00000000  Dr7    = 00000000
